[debug] [2021-06-08T19:52:52.824Z] ----------------------------------------------------------------------
[debug] [2021-06-08T19:52:52.826Z] Command:       C:\Program Files\nodejs\node.exe C:\Users\fraku4\AppData\Roaming\npm\node_modules\firebase-tools\lib\bin\firebase.js init
[debug] [2021-06-08T19:52:52.827Z] CLI Version:   9.11.0
[debug] [2021-06-08T19:52:52.827Z] Platform:      win32
[debug] [2021-06-08T19:52:52.827Z] Node Version:  v14.16.1
[debug] [2021-06-08T19:52:52.837Z] Time:          Tue Jun 08 2021 15:52:52 GMT-0400 (Eastern Daylight Time)
[debug] [2021-06-08T19:52:52.837Z] ----------------------------------------------------------------------
[debug] 
[debug] [2021-06-08T19:52:52.841Z] >>> [apiv2][query] GET https://firebase-public.firebaseio.com/cli.json [none]
[debug] [2021-06-08T19:52:52.867Z] > command requires scopes: ["email","openid","https://www.googleapis.com/auth/cloudplatformprojects.readonly","https://www.googleapis.com/auth/firebase","https://www.googleapis.com/auth/cloud-platform"]
[debug] [2021-06-08T19:52:52.867Z] > authorizing via signed-in user (chfrance15@gmail.com)
[info] 
     ######## #### ########  ######## ########     ###     ######  ########
     ##        ##  ##     ## ##       ##     ##  ##   ##  ##       ##
     ######    ##  ########  ######   ########  #########  ######  ######
     ##        ##  ##    ##  ##       ##     ## ##     ##       ## ##
     ##       #### ##     ## ######## ########  ##     ##  ######  ########

You're about to initialize a Firebase project in this directory:

  C:\Users\fraku4\code\ng-ehr-connector

Before we get started, keep in mind:

  * You are initializing in an existing Firebase project directory

[debug] [2021-06-08T19:52:53.087Z] <<< [apiv2][status] GET https://firebase-public.firebaseio.com/cli.json 200
[debug] [2021-06-08T19:52:53.087Z] <<< [apiv2][body] GET https://firebase-public.firebaseio.com/cli.json {"cloudBuildErrorAfter":1594252800000,"cloudBuildWarnAfter":1590019200000,"defaultNode10After":1594252800000,"minVersion":"3.0.5","node8DeploysDisabledAfter":1613390400000,"node8RuntimeDisabledAfter":1615809600000,"node8WarnAfter":1600128000000}
